Determining if the pthread_create exist failed with the following output:
Change Dir: /home/jack/Algoritmos-y-Estructuras-de-Datos-2/Reversi/cmake-build-debug/CMakeFiles/CMakeTmp

Run Build Command(s):/usr/bin/make cmTC_468b7/fast 
/usr/bin/make -f CMakeFiles/cmTC_468b7.dir/build.make CMakeFiles/cmTC_468b7.dir/build
make[1]: Entering directory '/home/jack/Algoritmos-y-Estructuras-de-Datos-2/Reversi/cmake-build-debug/CMakeFiles/CMakeTmp'
Building C object CMakeFiles/cmTC_468b7.dir/CheckSymbolExists.c.o
/usr/bin/cc    -o CMakeFiles/cmTC_468b7.dir/CheckSymbolExists.c.o   -c /home/jack/Algoritmos-y-Estructuras-de-Datos-2/Reversi/cmake-build-debug/CMakeFiles/CMakeTmp/CheckSymbolExists.c
Linking C executable cmTC_468b7
/snap/clion/82/bin/cmake/linux/bin/cmake -E cmake_link_script CMakeFiles/cmTC_468b7.dir/link.txt --verbose=1
/usr/bin/cc      -rdynamic CMakeFiles/cmTC_468b7.dir/CheckSymbolExists.c.o  -o cmTC_468b7 
CMakeFiles/cmTC_468b7.dir/CheckSymbolExists.c.o: In function `main':
CheckSymbolExists.c:(.text+0x1b): undefined reference to `pthread_create'
collect2: error: ld returned 1 exit status
CMakeFiles/cmTC_468b7.dir/build.make:86: recipe for target 'cmTC_468b7' failed
make[1]: *** [cmTC_468b7] Error 1
make[1]: Leaving directory '/home/jack/Algoritmos-y-Estructuras-de-Datos-2/Reversi/cmake-build-debug/CMakeFiles/CMakeTmp'
Makefile:121: recipe for target 'cmTC_468b7/fast' failed
make: *** [cmTC_468b7/fast] Error 2

File /home/jack/Algoritmos-y-Estructuras-de-Datos-2/Reversi/cmake-build-debug/CMakeFiles/CMakeTmp/CheckSymbolExists.c:
/* */
#include <pthread.h>

int main(int argc, char** argv)
{
  (void)argv;
#ifndef pthread_create
  return ((int*)(&pthread_create))[argc];
#else
  (void)argc;
  return 0;
#endif
}

Determining if the function pthread_create exists in the pthreads failed with the following output:
Change Dir: /home/jack/Algoritmos-y-Estructuras-de-Datos-2/Reversi/cmake-build-debug/CMakeFiles/CMakeTmp

Run Build Command(s):/usr/bin/make cmTC_f3def/fast 
/usr/bin/make -f CMakeFiles/cmTC_f3def.dir/build.make CMakeFiles/cmTC_f3def.dir/build
make[1]: Entering directory '/home/jack/Algoritmos-y-Estructuras-de-Datos-2/Reversi/cmake-build-debug/CMakeFiles/CMakeTmp'
Building C object CMakeFiles/cmTC_f3def.dir/CheckFunctionExists.c.o
/usr/bin/cc   -DCHECK_FUNCTION_EXISTS=pthread_create   -o CMakeFiles/cmTC_f3def.dir/CheckFunctionExists.c.o   -c /snap/clion/82/bin/cmake/linux/share/cmake-3.14/Modules/CheckFunctionExists.c
Linking C executable cmTC_f3def
/snap/clion/82/bin/cmake/linux/bin/cmake -E cmake_link_script CMakeFiles/cmTC_f3def.dir/link.txt --verbose=1
/usr/bin/cc  -DCHECK_FUNCTION_EXISTS=pthread_create    -rdynamic CMakeFiles/cmTC_f3def.dir/CheckFunctionExists.c.o  -o cmTC_f3def -lpthreads 
/usr/bin/ld: cannot find -lpthreads
collect2: error: ld returned 1 exit status
CMakeFiles/cmTC_f3def.dir/build.make:86: recipe for target 'cmTC_f3def' failed
make[1]: *** [cmTC_f3def] Error 1
make[1]: Leaving directory '/home/jack/Algoritmos-y-Estructuras-de-Datos-2/Reversi/cmake-build-debug/CMakeFiles/CMakeTmp'
Makefile:121: recipe for target 'cmTC_f3def/fast' failed
make: *** [cmTC_f3def/fast] Error 2


