Determining if the pthread_create exist failed with the following output:
Change Dir: /home/jack/Algoritmos-y-Estructuras-de-Datos-2/clase03/02_templates/alumnos/cmake-build-debug/CMakeFiles/CMakeTmp

Run Build Command(s):/usr/bin/make cmTC_25b3c/fast 
/usr/bin/make -f CMakeFiles/cmTC_25b3c.dir/build.make CMakeFiles/cmTC_25b3c.dir/build
make[1]: Entering directory '/home/jack/Algoritmos-y-Estructuras-de-Datos-2/clase03/02_templates/alumnos/cmake-build-debug/CMakeFiles/CMakeTmp'
Building C object CMakeFiles/cmTC_25b3c.dir/CheckSymbolExists.c.o
/usr/bin/cc    -o CMakeFiles/cmTC_25b3c.dir/CheckSymbolExists.c.o   -c /home/jack/Algoritmos-y-Estructuras-de-Datos-2/clase03/02_templates/alumnos/cmake-build-debug/CMakeFiles/CMakeTmp/CheckSymbolExists.c
Linking C executable cmTC_25b3c
/snap/clion/82/bin/cmake/linux/bin/cmake -E cmake_link_script CMakeFiles/cmTC_25b3c.dir/link.txt --verbose=1
/usr/bin/cc      -rdynamic CMakeFiles/cmTC_25b3c.dir/CheckSymbolExists.c.o  -o cmTC_25b3c 
CMakeFiles/cmTC_25b3c.dir/CheckSymbolExists.c.o: In function `main':
CheckSymbolExists.c:(.text+0x1b): undefined reference to `pthread_create'
collect2: error: ld returned 1 exit status
CMakeFiles/cmTC_25b3c.dir/build.make:86: recipe for target 'cmTC_25b3c' failed
make[1]: *** [cmTC_25b3c] Error 1
make[1]: Leaving directory '/home/jack/Algoritmos-y-Estructuras-de-Datos-2/clase03/02_templates/alumnos/cmake-build-debug/CMakeFiles/CMakeTmp'
Makefile:121: recipe for target 'cmTC_25b3c/fast' failed
make: *** [cmTC_25b3c/fast] Error 2

File /home/jack/Algoritmos-y-Estructuras-de-Datos-2/clase03/02_templates/alumnos/cmake-build-debug/CMakeFiles/CMakeTmp/CheckSymbolExists.c:
/* */
#include <pthread.h>

int main(int argc, char** argv)
{
  (void)argv;
#ifndef pthread_create
  return ((int*)(&pthread_create))[argc];
#else
  (void)argc;
  return 0;
#endif
}

Determining if the function pthread_create exists in the pthreads failed with the following output:
Change Dir: /home/jack/Algoritmos-y-Estructuras-de-Datos-2/clase03/02_templates/alumnos/cmake-build-debug/CMakeFiles/CMakeTmp

Run Build Command(s):/usr/bin/make cmTC_bb7da/fast 
/usr/bin/make -f CMakeFiles/cmTC_bb7da.dir/build.make CMakeFiles/cmTC_bb7da.dir/build
make[1]: Entering directory '/home/jack/Algoritmos-y-Estructuras-de-Datos-2/clase03/02_templates/alumnos/cmake-build-debug/CMakeFiles/CMakeTmp'
Building C object CMakeFiles/cmTC_bb7da.dir/CheckFunctionExists.c.o
/usr/bin/cc   -DCHECK_FUNCTION_EXISTS=pthread_create   -o CMakeFiles/cmTC_bb7da.dir/CheckFunctionExists.c.o   -c /snap/clion/82/bin/cmake/linux/share/cmake-3.14/Modules/CheckFunctionExists.c
Linking C executable cmTC_bb7da
/snap/clion/82/bin/cmake/linux/bin/cmake -E cmake_link_script CMakeFiles/cmTC_bb7da.dir/link.txt --verbose=1
/usr/bin/cc  -DCHECK_FUNCTION_EXISTS=pthread_create    -rdynamic CMakeFiles/cmTC_bb7da.dir/CheckFunctionExists.c.o  -o cmTC_bb7da -lpthreads 
/usr/bin/ld: cannot find -lpthreads
collect2: error: ld returned 1 exit status
CMakeFiles/cmTC_bb7da.dir/build.make:86: recipe for target 'cmTC_bb7da' failed
make[1]: *** [cmTC_bb7da] Error 1
make[1]: Leaving directory '/home/jack/Algoritmos-y-Estructuras-de-Datos-2/clase03/02_templates/alumnos/cmake-build-debug/CMakeFiles/CMakeTmp'
Makefile:121: recipe for target 'cmTC_bb7da/fast' failed
make: *** [cmTC_bb7da/fast] Error 2


